open source     > level 1, order 1, name 'C:/context/tex/texmf-context/tex/context/base/mkiv/cont-yes.mkiv'
system          > 
system          > ConTeXt  ver: 2018.09.26 14:26 MKIV beta  fmt: 2018.9.29  int: english/english
system          > 
system          > 'cont-new.mkiv' loaded
open source     > level 2, order 2, name 'C:/context/tex/texmf-context/tex/context/base/mkiv/cont-new.mkiv'
system          > beware: some patches loaded from cont-new.mkiv
close source    > level 2, order 2, name 'C:/context/tex/texmf-context/tex/context/base/mkiv/cont-new.mkiv'
system          > files > jobname 'carta_2', input './carta_2', result 'carta_2'
fonts           > latin modern fonts are not preloaded
languages       > language 'en' is active
system          > synctex functionality is enabled, expect 5-10 pct runtime overhead!
open source     > level 2, order 3, name 'C:/Users/duonagem/Documents/GitHub/documentos/carta_2.tex'
modules         > 'letter' is not found
open source     > level 3, order 4, name 'C:/context/tex/texmf-context/tex/context/fonts/mkiv/type-imp-texgyre.mkiv'
close source    > level 3, order 4, name 'C:/context/tex/texmf-context/tex/context/fonts/mkiv/type-imp-texgyre.mkiv'

tex error       > tex error on line 9 in file C:/Users/duonagem/Documents/GitHub/documentos/carta_2.tex: ! Undefined control sequence

l.9 \setupletterlayer
                   [reference][y=2cm]

 1     \usemodule[letter]
 2     
 3     %\setupletteroptions[marking=no]
 4     %\useletterstyle[dinb]
 5     
 6     \mainlanguage[es]
 7     \setuppapersize[A4]
 8     \setupbodyfont[palatino, 11pt]
 9 >>  \setupletterlayer[reference][y=2cm]
10     \setupletterlayer[address][y=6cm]
11     \setuplettertext[es][date=]
12     
13     
14     \setupletterframe[address][width=150mm]
15     
16     \setupletter
17     [toname={Ing. Carlos Villacreces Viteri},
18     toaddress={Decano de la Facultad de Ciencias Físicas y Químicas},
19     date={Portoviejo, 4 de diciembre de 2018}]


? 

tex error       > tex error on line 9 in file C:/Users/duonagem/Documents/GitHub/documentos/carta_2.tex: ! Emergency stop

l.9 \setupletterlayer
                   [reference][y=2cm]

 1     \usemodule[letter]
 2     
 3     %\setupletteroptions[marking=no]
 4     %\useletterstyle[dinb]
 5     
 6     \mainlanguage[es]
 7     \setuppapersize[A4]
 8     \setupbodyfont[palatino, 11pt]
 9 >>  \setupletterlayer[reference][y=2cm]
10     \setupletterlayer[address][y=6cm]
11     \setuplettertext[es][date=]
12     
13     
14     \setupletterframe[address][width=150mm]
15     
16     \setupletter
17     [toname={Ing. Carlos Villacreces Viteri},
18     toaddress={Decano de la Facultad de Ciencias Físicas y Químicas},
19     date={Portoviejo, 4 de diciembre de 2018}]

End of file on the terminal!


