open source     > level 1, order 1, name 'C:/context/tex/texmf-context/tex/context/base/mkiv/cont-yes.mkiv'
system          > 
system          > ConTeXt  ver: 2018.09.26 14:26 MKIV beta  fmt: 2018.9.29  int: english/english
system          > 
system          > 'cont-new.mkiv' loaded
open source     > level 2, order 2, name 'C:/context/tex/texmf-context/tex/context/base/mkiv/cont-new.mkiv'
system          > beware: some patches loaded from cont-new.mkiv
close source    > level 2, order 2, name 'C:/context/tex/texmf-context/tex/context/base/mkiv/cont-new.mkiv'
system          > files > jobname 'carta_presentacion', input './carta_presentacion', result 'carta_presentacion'
fonts           > latin modern fonts are not preloaded
languages       > language 'en' is active
system          > synctex functionality is enabled, expect 5-10 pct runtime overhead!
open source     > level 2, order 3, name 'C:/Users/duonagem/Documents/GitHub/documentos/carta_presentacion.tex'
open source     > level 3, order 4, name 'C:/context/tex/texmf-context/tex/context/fonts/mkiv/type-imp-texgyre.mkiv'
close source    > level 3, order 4, name 'C:/context/tex/texmf-context/tex/context/fonts/mkiv/type-imp-texgyre.mkiv'
structure       > sectioning > title @ level 2 : 0.0 -> Carta de presentación

Overfull \hbox (17.99611pt too wide) in paragraph at lines 13--13
[]<1: texgyretermes-regular @ 12.0pt> Soy in-ge-niero am-bi-en-tal grad-u-ado de la Uni-ver-si-dad de Cuenca, tengo un am-plio conocimiento

\hbox(8.1915+2.61456)x426.78743, glue set - 1.0, direction TLT
.\localpar
..\localinterlinepenalty=0
..\localbrokenpenalty=0
..\localleftbox=null
..\localrightbox=null
.\hbox(0.0+0.0)x0.0, direction TLT
.<1: texgyretermes-regular @ 12.0pt> S
.<1: texgyretermes-regular @ 12.0pt> o
.\kern-0.47974 (font)
.etc.


Underfull \hbox (badness 10000) in paragraph at lines 21--22
 []<9: texgyretermes-regular @ 9.0pt> Con-T[]Xt   2018.09.26 14:26[]

\hbox(8.16724+3.17615)x426.78743, glue set 18.04738, direction TLT
.\glue(\leftskip) 0.0 plus 18.0
.\localpar
..\localinterlinepenalty=0
..\localbrokenpenalty=0
..\localleftbox=null
..\localrightbox=null
.\hbox(0.0+0.0)x0.0, direction TLT
.<9: texgyretermes-regular @ 9.0pt> C
.<9: texgyretermes-regular @ 9.0pt> o
.etc.

backend         > xmp > using file 'C:/context/tex/texmf-context/tex/context/base/mkiv/lpdf-pdx.xml'
pages           > flushing realpage 1, userpage 1, subpage 1
close source    > level 2, order 4, name 'C:/Users/duonagem/Documents/GitHub/documentos/carta_presentacion.tex'
close source    > level 1, order 4, name 'C:/context/tex/texmf-context/tex/context/base/mkiv/cont-yes.mkiv'

system          > start used files

system          > text: carta_presentacion

system          > stop used files


system          > start used files

system          >    1: filename=char-prv.lua filetype=tex format=tex foundname=C:/context/tex/texmf-context/tex/context/base/mkiv/char-prv.lua fullname=C:/context/tex/texmf-context/tex/context/base/mkiv/char-prv.lua usedmethod=database
system          >    2: filename=cont-yes.mkiv filetype=tex foundname=C:/context/tex/texmf-context/tex/context/base/mkiv/cont-yes.mkiv fullname=C:/context/tex/texmf-context/tex/context/base/mkiv/cont-yes.mkiv usedmethod=database
system          >    3: filename=publ-imp-default.lua filetype=scripts foundname=C:/context/tex/texmf-context/tex/context/base/mkiv/publ-imp-default.lua fullname=C:/context/tex/texmf-context/tex/context/base/mkiv/publ-imp-default.lua usedmethod=database
system          >    4: filename=cont-new.mkiv filetype=tex foundname=C:/context/tex/texmf-context/tex/context/base/mkiv/cont-new.mkiv fullname=C:/context/tex/texmf-context/tex/context/base/mkiv/cont-new.mkiv usedmethod=database
system          >    5: filename=lang-exc.lua filetype=scripts foundname=C:/context/tex/texmf-context/tex/context/base/mkiv/lang-exc.lua fullname=C:/context/tex/texmf-context/tex/context/base/mkiv/lang-exc.lua usedmethod=database
system          >    6: filename=lang-us.lua filetype=scripts foundname=C:/context/tex/texmf-context/tex/context/patterns/mkiv/lang-us.lua fullname=C:/context/tex/texmf-context/tex/context/patterns/mkiv/lang-us.lua usedmethod=database
system          >    7: filename=C:\Users\duonagem\Documents\GitHub\documentos/carta_presentacion.tex foundname=C:/Users/duonagem/Documents/GitHub/documentos/carta_presentacion.tex fullname=C:/Users/duonagem/Documents/GitHub/documentos/carta_presentacion.tex usedmethod=direct
system          >    8: filename=type-imp-texgyre.mkiv filetype=tex foundname=C:/context/tex/texmf-context/tex/context/fonts/mkiv/type-imp-texgyre.mkiv fullname=C:/context/tex/texmf-context/tex/context/fonts/mkiv/type-imp-texgyre.mkiv usedmethod=database
system          >    9: filename=lm.lfg filetype=tex foundname=C:/context/tex/texmf-context/tex/context/fonts/mkiv/lm.lfg fullname=C:/context/tex/texmf-context/tex/context/fonts/mkiv/lm.lfg usedmethod=database
system          >   10: filename=texgyretermes-regular filetype=otf format=otf foundname=C:/context/tex/texmf/fonts/opentype/public/tex-gyre/texgyretermes-regular.otf fullname=C:/context/tex/texmf/fonts/opentype/public/tex-gyre/texgyretermes-regular.otf usedmethod=database
system          >   11: filename=texgyretermes-math.otf filetype=otf format=otf foundname=C:/context/tex/texmf/fonts/opentype/public/tex-gyre-math/texgyretermes-math.otf fullname=C:/context/tex/texmf/fonts/opentype/public/tex-gyre-math/texgyretermes-math.otf usedmethod=database
system          >   12: filename=termes-math.lfg filetype=tex foundname=C:/context/tex/texmf-context/tex/context/fonts/mkiv/termes-math.lfg fullname=C:/context/tex/texmf-context/tex/context/fonts/mkiv/termes-math.lfg usedmethod=database
system          >   13: filename=schola-math.lfg filetype=tex foundname=C:/context/tex/texmf-context/tex/context/fonts/mkiv/schola-math.lfg fullname=C:/context/tex/texmf-context/tex/context/fonts/mkiv/schola-math.lfg usedmethod=database
system          >   14: filename=lpdf-pdx.xml filetype=tex foundname=C:/context/tex/texmf-context/tex/context/base/mkiv/lpdf-pdx.xml fullname=C:/context/tex/texmf-context/tex/context/base/mkiv/lpdf-pdx.xml usedmethod=database

system          > stop used files


system          > start commandline options

system          > currentrun="1"
system          > fulljobname="./carta_presentacion.tex"
system          > input="./carta_presentacion.tex"
system          > kindofrun="1"
system          > maxnofruns="9"
system          > no-parse-first-line="true"
system          > synctex="true"

system          > stop commandline options


system          > start commandline files

system          >    1: ./carta_presentacion.tex

system          > stop commandline files


modules         > start used modules


modules         > stop used modules


mkiv lua stats  > used config file: selfautoparent:/texmf/web2c/texmfcnf.lua
mkiv lua stats  > used cache path: C:/context/tex/texmf-cache/luatex-cache/context/5fe67e0bfe781ce0dde776fb1556f32e
mkiv lua stats  > resource resolver: loadtime 0.011 seconds, 0 scans with scantime 0.000 seconds, 0 shared scans, 14 found files, scanned paths: <none>
mkiv lua stats  > stored bytecode data: 441 modules (0.419 sec), 93 tables (0.025 sec), 534 chunks (0.444 sec)
mkiv lua stats  > traced context: maxstack: 1351, freed: 0, unreachable: 1351
mkiv lua stats  > cleaned up reserved nodes: 60 nodes, 9 lists of 440
mkiv lua stats  > node memory usage: 2 glue, 2 kern, 2 penalty, 14 attribute, 50 glue_spec, 4 attribute_list, 2 temp, 2 user_defined
mkiv lua stats  > node list callback tasks: 8 unique task lists, 8 instances (re)created, 82 calls
mkiv lua stats  > synctex tracing: 2 referenced files, 5 files ignored, 18 objects flushed, logfile: carta_presentacion.synctex
mkiv lua stats  > used backend: pdf (backend for directly generating pdf output)
mkiv lua stats  > jobdata time: 0.003 seconds saving, 0.001 seconds loading
mkiv lua stats  > callbacks: internal: 212, file: 469, direct: 2, late: 17, function 826, total: 1526
mkiv lua stats  > randomizer: resumed with value 0.83804321289063
mkiv lua stats  > loaded patterns: en::1, load time: 0.000
mkiv lua stats  > result saved in file: carta_presentacion.pdf, compresslevel 3, objectcompresslevel 3
mkiv lua stats  > loaded fonts: 2 files: texgyretermes-math.otf, texgyretermes-regular.otf
mkiv lua stats  > font engine: otf 3.104, afm 1.513, tfm 1.000, 11 instances, 9 shared in backend, 1 common vectors, 8 common hashes, load time 0.381 seconds 
mkiv lua stats  > used platform: win64, type: windows, binary subtree: texmf-win64
mkiv lua stats  > used engine: luatex version 1.09 with functionality level 6930, banner: this is luatex, version 1.09.0 (tex live 2018/w32tex)
mkiv lua stats  > control sequences: 45283 of 65536 + 100000
mkiv lua stats  > lua properties: engine: lua 5.3, used memory: 97 MB (ctx: 98 MB), hash type: lua, hash chars: min(32,40), symbol mask: utf (τεχ)
mkiv lua stats  > runtime: 0.939 seconds, 1 processed pages, 1 shipped pages, 1.065 pages/second

