open source     > level 1, order 1, name 'C:/context/tex/texmf-context/tex/context/base/mkiv/cont-yes.mkiv'
system          > 
system          > ConTeXt  ver: 2018.08.21 08:33 MKIV beta  fmt: 2018.8.21  int: english/english
system          > 
system          > 'cont-new.mkiv' loaded
open source     > level 2, order 2, name 'C:/context/tex/texmf-context/tex/context/base/mkiv/cont-new.mkiv'
system          > beware: some patches loaded from cont-new.mkiv
close source    > level 2, order 2, name 'C:/context/tex/texmf-context/tex/context/base/mkiv/cont-new.mkiv'
system          > files > jobname 'pasantias', input './pasantias', result 'pasantias'
fonts           > latin modern fonts are not preloaded
languages       > language 'en' is active
system          > synctex functionality is enabled, expect 5-10 pct runtime overhead!
open source     > level 2, order 3, name 'C:/Users/aleja/Documents/GitHub/documentos/pasantias.tex'
fonts           > bodyfont '13pt' is defined (can better be done global)
fonts           > bodyfont '15.6pt' is defined (can better be done global)
fonts           > bodyfont '10.4pt' is defined (can better be done global)
fonts           > typescripts > unknown library 'TeX Gyre Heros'
fonts           > preloading latin modern fonts (third stage)
fonts           > 'fallback modern-designsize rm 13pt' is loaded
backend         > xmp > using file 'C:/context/tex/texmf-context/tex/context/base/mkiv/lpdf-pdx.xml'
pages           > flushing realpage 1, userpage 1, subpage 1
close source    > level 2, order 3, name 'C:/Users/aleja/Documents/GitHub/documentos/pasantias.tex'
close source    > level 1, order 3, name 'C:/context/tex/texmf-context/tex/context/base/mkiv/cont-yes.mkiv'

system          > start used files

system          > text: pasantias

system          > stop used files


system          > start used files

system          >    1: filename=char-prv.lua filetype=tex format=tex foundname=C:/context/tex/texmf-context/tex/context/base/mkiv/char-prv.lua fullname=C:/context/tex/texmf-context/tex/context/base/mkiv/char-prv.lua usedmethod=database
system          >    2: filename=cont-yes.mkiv filetype=tex foundname=C:/context/tex/texmf-context/tex/context/base/mkiv/cont-yes.mkiv fullname=C:/context/tex/texmf-context/tex/context/base/mkiv/cont-yes.mkiv usedmethod=database
system          >    3: filename=publ-imp-default.lua filetype=scripts foundname=C:/context/tex/texmf-context/tex/context/base/mkiv/publ-imp-default.lua fullname=C:/context/tex/texmf-context/tex/context/base/mkiv/publ-imp-default.lua usedmethod=database
system          >    4: filename=cont-new.mkiv filetype=tex foundname=C:/context/tex/texmf-context/tex/context/base/mkiv/cont-new.mkiv fullname=C:/context/tex/texmf-context/tex/context/base/mkiv/cont-new.mkiv usedmethod=database
system          >    5: filename=lang-exc.lua filetype=scripts foundname=C:/context/tex/texmf-context/tex/context/base/mkiv/lang-exc.lua fullname=C:/context/tex/texmf-context/tex/context/base/mkiv/lang-exc.lua usedmethod=database
system          >    6: filename=lang-us.lua filetype=scripts foundname=C:/context/tex/texmf-context/tex/context/patterns/mkiv/lang-us.lua fullname=C:/context/tex/texmf-context/tex/context/patterns/mkiv/lang-us.lua usedmethod=database
system          >    7: filename=C:\Users\aleja\Documents\GitHub\documentos/pasantias.tex foundname=C:/Users/aleja/Documents/GitHub/documentos/pasantias.tex fullname=C:/Users/aleja/Documents/GitHub/documentos/pasantias.tex usedmethod=direct
system          >    8: filename=lang-es.lua filetype=scripts foundname=C:/context/tex/texmf-context/tex/context/patterns/mkiv/lang-es.lua fullname=C:/context/tex/texmf-context/tex/context/patterns/mkiv/lang-es.lua usedmethod=database
system          >    9: filename=lm.lfg filetype=tex foundname=C:/context/tex/texmf-context/tex/context/fonts/mkiv/lm.lfg fullname=C:/context/tex/texmf-context/tex/context/fonts/mkiv/lm.lfg usedmethod=database
system          >   10: filename=lmroman10-regular filetype=otf format=otf foundname=C:/context/tex/texmf/fonts/opentype/public/lm/lmroman10-regular.otf fullname=C:/context/tex/texmf/fonts/opentype/public/lm/lmroman10-regular.otf usedmethod=database
system          >   11: filename=latinmodern-math.otf filetype=opentypefonts foundname=C:/context/tex/texmf/fonts/opentype/public/lm-math/latinmodern-math.otf fullname=C:/context/tex/texmf/fonts/opentype/public/lm-math/latinmodern-math.otf usedmethod=database
system          >   12: filename=lmroman10-bold filetype=otf format=otf foundname=C:/context/tex/texmf/fonts/opentype/public/lm/lmroman10-bold.otf fullname=C:/context/tex/texmf/fonts/opentype/public/lm/lmroman10-bold.otf usedmethod=database
system          >   13: filename=lmsans10-bold filetype=otf format=otf foundname=C:/context/tex/texmf/fonts/opentype/public/lm/lmsans10-bold.otf fullname=C:/context/tex/texmf/fonts/opentype/public/lm/lmsans10-bold.otf usedmethod=database
system          >   14: filename=lpdf-pdx.xml filetype=tex foundname=C:/context/tex/texmf-context/tex/context/base/mkiv/lpdf-pdx.xml fullname=C:/context/tex/texmf-context/tex/context/base/mkiv/lpdf-pdx.xml usedmethod=database

system          > stop used files


system          > start commandline options

system          > currentrun="1"
system          > fulljobname="./pasantias.tex"
system          > input="./pasantias.tex"
system          > kindofrun="1"
system          > maxnofruns="9"
system          > no-parse-first-line="true"
system          > synctex="true"

system          > stop commandline options


system          > start commandline files

system          >    1: ./pasantias.tex

system          > stop commandline files


modules         > start used modules


modules         > stop used modules


mkiv lua stats  > used config file: selfautoparent:/texmf/web2c/texmfcnf.lua
mkiv lua stats  > used cache path: C:/context/tex/texmf-cache/luatex-cache/context/5fe67e0bfe781ce0dde776fb1556f32e
mkiv lua stats  > resource resolver: loadtime 0.009 seconds, 0 scans with scantime 0.000 seconds, 0 shared scans, 14 found files, scanned paths: <none>
mkiv lua stats  > stored bytecode data: 437 modules (0.266 sec), 93 tables (0.015 sec), 530 chunks (0.281 sec)
mkiv lua stats  > traced context: maxstack: 1323, freed: 0, unreachable: 1323
mkiv lua stats  > cleaned up reserved nodes: 58 nodes, 9 lists of 455
mkiv lua stats  > node memory usage: 2 glue, 2 kern, 2 penalty, 11 attribute, 50 glue_spec, 4 attribute_list, 2 temp, 2 user_defined
mkiv lua stats  > node list callback tasks: 8 unique task lists, 7 instances (re)created, 74 calls
mkiv lua stats  > synctex tracing: 2 referenced files, 4 files ignored, 19 objects flushed, logfile: pasantias.synctex
mkiv lua stats  > used backend: pdf (backend for directly generating pdf output)
mkiv lua stats  > jobdata time: 0.000 seconds saving, 0.001 seconds loading
mkiv lua stats  > callbacks: internal: 182, file: 195, direct: 2, late: 17, function 610, total: 1006
mkiv lua stats  > randomizer: resumed with value 0.79375591296121
mkiv lua stats  > loaded patterns: en::2 es::55, load time: 0.000
mkiv lua stats  > result saved in file: pasantias.pdf, compresslevel 3, objectcompresslevel 3
mkiv lua stats  > loaded fonts: 4 files: latinmodern-math.otf, lmroman10-bold.otf, lmroman10-regular.otf, lmsans10-bold.otf
mkiv lua stats  > font engine: otf 3.104, afm 1.513, tfm 1.000, 8 instances, 2 shared in backend, 0 common vectors, 2 common hashes, load time 0.188 seconds 
mkiv lua stats  > body font sizes: defined: 10pt 11pt 12pt 14.4pt 17.3pt 20.7pt 4pt 5pt 6pt 7pt 8pt 9pt, undefined: 10.4pt 13pt 15.6pt
mkiv lua stats  > used platform: mswin, type: windows, binary subtree: texmf-mswin
mkiv lua stats  > used engine: luatex version 1.08 with functionality level 6731, banner: this is luatex, version 1.08.0 (tex live 2018/w32tex)
mkiv lua stats  > control sequences: 46986 of 65536 + 100000
mkiv lua stats  > lua properties: engine: lua 5.2, used memory: 59 MB (ctx: 59 MB), hash type: lua, hash chars: min(32,40), symbol mask: utf (τεχ)
mkiv lua stats  > runtime: 0.607 seconds, 1 processed pages, 1 shipped pages, 1.647 pages/second

