open source     > level 1, order 1, name 'C:/context/tex/texmf-context/tex/context/base/mkiv/cont-yes.mkiv'
system          > 
system          > ConTeXt  ver: 2018.12.01 13:20 MKIV beta  fmt: 2018.12.6  int: english/english
system          > 
system          > 'cont-new.mkiv' loaded
open source     > level 2, order 2, name 'C:/context/tex/texmf-context/tex/context/base/mkiv/cont-new.mkiv'
system          > beware: some patches loaded from cont-new.mkiv
close source    > level 2, order 2, name 'C:/context/tex/texmf-context/tex/context/base/mkiv/cont-new.mkiv'
system          > files > jobname 'poemario', input './poemario', result 'poemario'
fonts           > latin modern fonts are not preloaded
languages       > language 'en' is active
system          > synctex functionality is enabled, expect 5-10 pct runtime overhead!
open source     > level 2, order 3, name 'A:/Documents/GitHub/documentos/poemario.tex'
fonts           > beware: no fonts are loaded yet, using 'lm mono' in box
open source     > level 3, order 4, name 'C:/context/tex/texmf-context/tex/context/base/mkiv/page-run.mkiv'
loading         > ConTeXt Page Macros / Runtime Macros
resolvers       > lua > loading file 'C:/context/tex/texmf-context/tex/context/base/mkiv/page-run.lua' succeeded
close source    > level 3, order 4, name 'C:/context/tex/texmf-context/tex/context/base/mkiv/page-run.mkiv'
open source     > level 3, order 5, name 'C:/context/tex/texmf-context/tex/context/fonts/mkiv/type-imp-texgyre.mkiv'
close source    > level 3, order 5, name 'C:/context/tex/texmf-context/tex/context/fonts/mkiv/type-imp-texgyre.mkiv'
structure       > sectioning > title @ level 2 : 0.0 -> Poesía introvertida
backend         > xmp > using file 'C:/context/tex/texmf-context/tex/context/base/mkiv/lpdf-pdx.xml'
pages           > flushing realpage 1, userpage 1, subpage 1
structure       > sectioning > subject @ level 3 : 0.0.0 -> Unas cuantas críticas al amor
structure       > sectioning > subsubject @ level 4 : 0.0.0.0 -> Saberte ajena
pages           > flushing realpage 2, userpage 2, subpage 2
pages           > flushing realpage 3, userpage 3, subpage 3
structure       > sectioning > subject @ level 3 : 0.0.0 -> Deconstrucción sentimental
pages           > flushing realpage 4, userpage 4, subpage 4
pages           > flushing realpage 5, userpage 5, subpage 5
structure       > sectioning > subject @ level 3 : 0.0.0 -> Delirios de medianoche
pages           > flushing realpage 6, userpage 6, subpage 6
close source    > level 2, order 5, name 'A:/Documents/GitHub/documentos/poemario.tex'
close source    > level 1, order 5, name 'C:/context/tex/texmf-context/tex/context/base/mkiv/cont-yes.mkiv'
backend         > info > no date/time but fake id information will be added

system          > start used files

system          > text: poemario

system          > stop used files


system          > start used files

system          >    1: filename=char-prv.lua filetype=tex format=tex foundname=C:/context/tex/texmf-context/tex/context/base/mkiv/char-prv.lua fullname=C:/context/tex/texmf-context/tex/context/base/mkiv/char-prv.lua usedmethod=database
system          >    2: filename=cont-yes.mkiv filetype=tex foundname=C:/context/tex/texmf-context/tex/context/base/mkiv/cont-yes.mkiv fullname=C:/context/tex/texmf-context/tex/context/base/mkiv/cont-yes.mkiv usedmethod=database
system          >    3: filename=publ-imp-default.lua filetype=scripts foundname=C:/context/tex/texmf-context/tex/context/base/mkiv/publ-imp-default.lua fullname=C:/context/tex/texmf-context/tex/context/base/mkiv/publ-imp-default.lua usedmethod=database
system          >    4: filename=cont-new.mkiv filetype=tex foundname=C:/context/tex/texmf-context/tex/context/base/mkiv/cont-new.mkiv fullname=C:/context/tex/texmf-context/tex/context/base/mkiv/cont-new.mkiv usedmethod=database
system          >    5: filename=lang-exc.lua filetype=scripts foundname=C:/context/tex/texmf-context/tex/context/base/mkiv/lang-exc.lua fullname=C:/context/tex/texmf-context/tex/context/base/mkiv/lang-exc.lua usedmethod=database
system          >    6: filename=lang-us.lua filetype=scripts foundname=C:/context/tex/texmf-context/tex/context/patterns/mkiv/lang-us.lua fullname=C:/context/tex/texmf-context/tex/context/patterns/mkiv/lang-us.lua usedmethod=database
system          >    7: filename=A:\Documents\GitHub\documentos/poemario.tex foundname=A:/Documents/GitHub/documentos/poemario.tex fullname=A:/Documents/GitHub/documentos/poemario.tex usedmethod=direct
system          >    8: filename=lmmono10-regular filetype=otf format=otf foundname=C:/context/tex/texmf/fonts/opentype/public/lm/lmmono10-regular.otf fullname=C:/context/tex/texmf/fonts/opentype/public/lm/lmmono10-regular.otf usedmethod=database
system          >    9: filename=page-run.mkiv filetype=tex foundname=C:/context/tex/texmf-context/tex/context/base/mkiv/page-run.mkiv fullname=C:/context/tex/texmf-context/tex/context/base/mkiv/page-run.mkiv usedmethod=database
system          >   10: filename=page-run.lua filetype=tex format=tex foundname=C:/context/tex/texmf-context/tex/context/base/mkiv/page-run.lua fullname=C:/context/tex/texmf-context/tex/context/base/mkiv/page-run.lua usedmethod=database
system          >   11: filename=type-imp-texgyre.mkiv filetype=tex foundname=C:/context/tex/texmf-context/tex/context/fonts/mkiv/type-imp-texgyre.mkiv fullname=C:/context/tex/texmf-context/tex/context/fonts/mkiv/type-imp-texgyre.mkiv usedmethod=database
system          >   12: filename=lm.lfg filetype=tex foundname=C:/context/tex/texmf-context/tex/context/fonts/mkiv/lm.lfg fullname=C:/context/tex/texmf-context/tex/context/fonts/mkiv/lm.lfg usedmethod=database
system          >   13: filename=texgyrepagella-regular filetype=otf format=otf foundname=C:/context/tex/texmf/fonts/opentype/public/tex-gyre/texgyrepagella-regular.otf fullname=C:/context/tex/texmf/fonts/opentype/public/tex-gyre/texgyrepagella-regular.otf usedmethod=database
system          >   14: filename=texgyrepagella-math.otf filetype=otf format=otf foundname=C:/context/tex/texmf/fonts/opentype/public/tex-gyre-math/texgyrepagella-math.otf fullname=C:/context/tex/texmf/fonts/opentype/public/tex-gyre-math/texgyrepagella-math.otf usedmethod=database
system          >   15: filename=pagella-math.lfg filetype=tex foundname=C:/context/tex/texmf-context/tex/context/fonts/mkiv/pagella-math.lfg fullname=C:/context/tex/texmf-context/tex/context/fonts/mkiv/pagella-math.lfg usedmethod=database
system          >   16: filename=schola-math.lfg filetype=tex foundname=C:/context/tex/texmf-context/tex/context/fonts/mkiv/schola-math.lfg fullname=C:/context/tex/texmf-context/tex/context/fonts/mkiv/schola-math.lfg usedmethod=database
system          >   17: filename=texgyrepagella-bold filetype=otf format=otf foundname=C:/context/tex/texmf/fonts/opentype/public/tex-gyre/texgyrepagella-bold.otf fullname=C:/context/tex/texmf/fonts/opentype/public/tex-gyre/texgyrepagella-bold.otf usedmethod=database
system          >   18: filename=pdftex.map filetype=map format=map foundname=C:/context/tex/texmf/fonts/map/pdftex/plain/pdftex.map fullname=C:/context/tex/texmf/fonts/map/pdftex/plain/pdftex.map usedmethod=database
system          >   19: filename=lpdf-pdx.xml filetype=tex foundname=C:/context/tex/texmf-context/tex/context/base/mkiv/lpdf-pdx.xml fullname=C:/context/tex/texmf-context/tex/context/base/mkiv/lpdf-pdx.xml usedmethod=database

system          > stop used files


system          > start commandline options

system          > currentrun="1"
system          > fulljobname="./poemario.tex"
system          > input="./poemario.tex"
system          > kindofrun="1"
system          > maxnofruns="9"
system          > no-parse-first-line="true"
system          > synctex="true"

system          > stop commandline options


system          > start commandline files

system          >    1: ./poemario.tex

system          > stop commandline files


modules         > start used modules


modules         > stop used modules


mkiv lua stats  > used config file: selfautoparent:/texmf/web2c/texmfcnf.lua
mkiv lua stats  > used cache path: C:/context/tex/texmf-cache/luatex-cache/context/5fe67e0bfe781ce0dde776fb1556f32e
mkiv lua stats  > resource resolver: loadtime 0.011 seconds, 0 scans with scantime 0.000 seconds, 0 shared scans, 19 found files, scanned paths: <none>
mkiv lua stats  > stored bytecode data: 445 modules (0.467 sec), 93 tables (0.030 sec), 538 chunks (0.497 sec)
mkiv lua stats  > traced context: maxstack: 1366, freed: 0, unreachable: 1366
mkiv lua stats  > cleaned up reserved nodes: 62 nodes, 10 lists of 440
mkiv lua stats  > node memory usage: 2 glue, 2 kern, 2 penalty, 14 attribute, 50 glue_spec, 4 attribute_list, 2 temp, 2 user_defined
mkiv lua stats  > node list callback tasks: 8 unique task lists, 8 instances (re)created, 329 calls
mkiv lua stats  > h-node processing time: 0.015 seconds including kernel
mkiv lua stats  > synctex tracing: 2 referenced files, 6 files ignored, 44 objects flushed, logfile: poemario.synctex
mkiv lua stats  > used backend: pdf (backend for directly generating pdf output)
mkiv lua stats  > jobdata time: 0.010 seconds saving, 0.002 seconds loading
mkiv lua stats  > callbacks: internal: 790, file: 743, direct: 3, late: 37, function 966, total: 2539 (508 per page)
mkiv lua stats  > randomizer: resumed with value 0.73611450195313
mkiv lua stats  > loaded patterns: en::1, load time: 0.000
mkiv lua stats  > result saved in file: poemario.pdf, compresslevel 3, objectcompresslevel 3
mkiv lua stats  > loaded fonts: 4 files: lmmono10-regular.otf, texgyrepagella-math.otf, texgyrepagella-bold.otf, texgyrepagella-regular.otf
mkiv lua stats  > font engine: otf 3.107, afm 1.513, tfm 1.000, 11 instances, 7 shared in backend, 1 common vectors, 6 common hashes, load time 0.572 seconds 
mkiv lua stats  > page group warning: transparencies are used but no pagecolormodel is set
mkiv lua stats  > used platform: win64, type: windows, binary subtree: texmf-win64
mkiv lua stats  > used engine: luatex version 1.09 with functionality level 6998, banner: this is luatex, version 1.09.0 (tex live 2018/w32tex)
mkiv lua stats  > control sequences: 45596 of 65536 + 100000
mkiv lua stats  > lua properties: engine: lua 5.3, used memory: 100 MB (ctx: 100 MB), hash type: lua, hash chars: min(32,40), symbol mask: utf (τεχ)
mkiv lua stats  > runtime: 1.404 seconds, 6 processed pages, 6 shipped pages, 4.274 pages/second

