open source     > level 1, order 1, name 'C:/context/tex/texmf-context/tex/context/base/mkiv/cont-yes.mkiv'
system          > 
system          > ConTeXt  ver: 2018.09.26 14:26 MKIV beta  fmt: 2018.9.29  int: english/english
system          > 
system          > 'cont-new.mkiv' loaded
open source     > level 2, order 2, name 'C:/context/tex/texmf-context/tex/context/base/mkiv/cont-new.mkiv'
system          > beware: some patches loaded from cont-new.mkiv
close source    > level 2, order 2, name 'C:/context/tex/texmf-context/tex/context/base/mkiv/cont-new.mkiv'
system          > files > jobname 'proyecto-casas-sostenibles', input './proyecto-casas-sostenibles', result 'proyecto-casas-sostenibles'
fonts           > latin modern fonts are not preloaded
languages       > language 'en' is active
system          > synctex functionality is enabled, expect 5-10 pct runtime overhead!
open source     > level 2, order 3, name 'C:/Users/duonagem/Documents/GitHub/documentos/proyecto-casas-sostenibles.tex'
open source     > level 3, order 4, name 'C:/context/tex/texmf-context/tex/context/fonts/mkiv/type-imp-texgyre.mkiv'
close source    > level 3, order 4, name 'C:/context/tex/texmf-context/tex/context/fonts/mkiv/type-imp-texgyre.mkiv'
structure       > sectioning > title @ level 2 : 0.0 -> Casas sostenibles
backend         > xmp > using file 'C:/context/tex/texmf-context/tex/context/base/mkiv/lpdf-pdx.xml'
pages           > flushing realpage 1, userpage 1, subpage 1
structure       > sectioning > subject @ level 3 : 0.0.0 -> Antecedentes

Overfull \hbox (23.32527pt too wide) in paragraph at lines 40--40
<1: texgyrepagella-regular @ 12.0pt> me-di-ante pan-e-les so-lares, que trans-for-man la ra-diación en cor-ri-ente eléctrica aprovech-

\hbox(8.7312+3.37015)x426.79134, glue set - 1.0, direction TLT
.<1: texgyrepagella-regular @ 12.0pt> m
.<1: texgyrepagella-regular @ 12.0pt> e
.\discretionary (penalty 50) []
.<1: texgyrepagella-regular @ 12.0pt> d
.<1: texgyrepagella-regular @ 12.0pt> i
.etc.

pages           > flushing realpage 2, userpage 2, subpage 2
structure       > sectioning > subject @ level 3 : 0.0.0 -> Objetivos del proyecto
structure       > sectioning > subject @ level 3 : 0.0.0 -> Fuentes de energía alternativas
structure       > sectioning > subsubject @ level 4 : 0.0.0.0 -> Energía solar
structure       > sectioning > subsubject @ level 4 : 0.0.0.0 -> Energía eólica
structure       > sectioning > subject @ level 3 : 0.0.0 -> Aprovechamiento de aguas lluvias
structure       > sectioning > subject @ level 3 : 0.0.0 -> Gestión de residuos domésticos
structure       > sectioning > subject @ level 3 : 0.0.0 -> Techos y muros verdes
structure       > sectioning > subject @ level 3 : 0.0.0 -> Ecoarquitectura
pages           > flushing realpage 3, userpage 3, subpage 3
close source    > level 2, order 4, name 'C:/Users/duonagem/Documents/GitHub/documentos/proyecto-casas-sostenibles.tex'
close source    > level 1, order 4, name 'C:/context/tex/texmf-context/tex/context/base/mkiv/cont-yes.mkiv'

system          > start used files

system          > text: proyecto-casas-sostenibles

system          > stop used files


system          > start used files

system          >    1: filename=char-prv.lua filetype=tex format=tex foundname=C:/context/tex/texmf-context/tex/context/base/mkiv/char-prv.lua fullname=C:/context/tex/texmf-context/tex/context/base/mkiv/char-prv.lua usedmethod=database
system          >    2: filename=cont-yes.mkiv filetype=tex foundname=C:/context/tex/texmf-context/tex/context/base/mkiv/cont-yes.mkiv fullname=C:/context/tex/texmf-context/tex/context/base/mkiv/cont-yes.mkiv usedmethod=database
system          >    3: filename=publ-imp-default.lua filetype=scripts foundname=C:/context/tex/texmf-context/tex/context/base/mkiv/publ-imp-default.lua fullname=C:/context/tex/texmf-context/tex/context/base/mkiv/publ-imp-default.lua usedmethod=database
system          >    4: filename=cont-new.mkiv filetype=tex foundname=C:/context/tex/texmf-context/tex/context/base/mkiv/cont-new.mkiv fullname=C:/context/tex/texmf-context/tex/context/base/mkiv/cont-new.mkiv usedmethod=database
system          >    5: filename=lang-exc.lua filetype=scripts foundname=C:/context/tex/texmf-context/tex/context/base/mkiv/lang-exc.lua fullname=C:/context/tex/texmf-context/tex/context/base/mkiv/lang-exc.lua usedmethod=database
system          >    6: filename=lang-us.lua filetype=scripts foundname=C:/context/tex/texmf-context/tex/context/patterns/mkiv/lang-us.lua fullname=C:/context/tex/texmf-context/tex/context/patterns/mkiv/lang-us.lua usedmethod=database
system          >    7: filename=C:\Users\duonagem\Documents\GitHub\documentos/proyecto-casas-sostenibles.tex foundname=C:/Users/duonagem/Documents/GitHub/documentos/proyecto-casas-sostenibles.tex fullname=C:/Users/duonagem/Documents/GitHub/documentos/proyecto-casas-sostenibles.tex usedmethod=direct
system          >    8: filename=type-imp-texgyre.mkiv filetype=tex foundname=C:/context/tex/texmf-context/tex/context/fonts/mkiv/type-imp-texgyre.mkiv fullname=C:/context/tex/texmf-context/tex/context/fonts/mkiv/type-imp-texgyre.mkiv usedmethod=database
system          >    9: filename=lm.lfg filetype=tex foundname=C:/context/tex/texmf-context/tex/context/fonts/mkiv/lm.lfg fullname=C:/context/tex/texmf-context/tex/context/fonts/mkiv/lm.lfg usedmethod=database
system          >   10: filename=texgyrepagella-regular filetype=otf format=otf foundname=C:/context/tex/texmf/fonts/opentype/public/tex-gyre/texgyrepagella-regular.otf fullname=C:/context/tex/texmf/fonts/opentype/public/tex-gyre/texgyrepagella-regular.otf usedmethod=database
system          >   11: filename=texgyrepagella-math.otf filetype=otf format=otf foundname=C:/context/tex/texmf/fonts/opentype/public/tex-gyre-math/texgyrepagella-math.otf fullname=C:/context/tex/texmf/fonts/opentype/public/tex-gyre-math/texgyrepagella-math.otf usedmethod=database
system          >   12: filename=pagella-math.lfg filetype=tex foundname=C:/context/tex/texmf-context/tex/context/fonts/mkiv/pagella-math.lfg fullname=C:/context/tex/texmf-context/tex/context/fonts/mkiv/pagella-math.lfg usedmethod=database
system          >   13: filename=schola-math.lfg filetype=tex foundname=C:/context/tex/texmf-context/tex/context/fonts/mkiv/schola-math.lfg fullname=C:/context/tex/texmf-context/tex/context/fonts/mkiv/schola-math.lfg usedmethod=database
system          >   14: filename=texgyrepagella-bold filetype=otf format=otf foundname=C:/context/tex/texmf/fonts/opentype/public/tex-gyre/texgyrepagella-bold.otf fullname=C:/context/tex/texmf/fonts/opentype/public/tex-gyre/texgyrepagella-bold.otf usedmethod=database
system          >   15: filename=lpdf-pdx.xml filetype=tex foundname=C:/context/tex/texmf-context/tex/context/base/mkiv/lpdf-pdx.xml fullname=C:/context/tex/texmf-context/tex/context/base/mkiv/lpdf-pdx.xml usedmethod=database

system          > stop used files


system          > start commandline options

system          > currentrun="1"
system          > fulljobname="./proyecto-casas-sostenibles.tex"
system          > input="./proyecto-casas-sostenibles.tex"
system          > kindofrun="1"
system          > maxnofruns="9"
system          > no-parse-first-line="true"
system          > synctex="true"

system          > stop commandline options


system          > start commandline files

system          >    1: ./proyecto-casas-sostenibles.tex

system          > stop commandline files


modules         > start used modules


modules         > stop used modules


mkiv lua stats  > used config file: selfautoparent:/texmf/web2c/texmfcnf.lua
mkiv lua stats  > used cache path: C:/context/tex/texmf-cache/luatex-cache/context/5fe67e0bfe781ce0dde776fb1556f32e
mkiv lua stats  > resource resolver: loadtime 0.016 seconds, 0 scans with scantime 0.000 seconds, 0 shared scans, 15 found files, scanned paths: <none>
mkiv lua stats  > stored bytecode data: 441 modules (0.383 sec), 93 tables (0.023 sec), 534 chunks (0.406 sec)
mkiv lua stats  > traced context: maxstack: 1351, freed: 0, unreachable: 1351
mkiv lua stats  > cleaned up reserved nodes: 59 nodes, 9 lists of 440
mkiv lua stats  > node memory usage: 2 glue, 2 kern, 3 penalty, 14 attribute, 50 glue_spec, 4 attribute_list, 2 temp, 2 user_defined
mkiv lua stats  > node list callback tasks: 8 unique task lists, 7 instances (re)created, 334 calls
mkiv lua stats  > h-node processing time: 0.016 seconds including kernel
mkiv lua stats  > synctex tracing: 2 referenced files, 5 files ignored, 56 objects flushed, logfile: proyecto-casas-sostenibles.synctex
mkiv lua stats  > attribute processing time: 0.016 seconds front- and backend
mkiv lua stats  > used backend: pdf (backend for directly generating pdf output)
mkiv lua stats  > jobdata time: 0.000 seconds saving, 0.000 seconds loading
mkiv lua stats  > callbacks: internal: 716, file: 523, direct: 2, late: 60, function 967, total: 2268 (1134 per page)
mkiv lua stats  > randomizer: resumed with value 0.32489013671875
mkiv lua stats  > loaded patterns: en::1, load time: 0.000
mkiv lua stats  > result saved in file: proyecto-casas-sostenibles.pdf, compresslevel 3, objectcompresslevel 3
mkiv lua stats  > loaded fonts: 3 files: texgyrepagella-math.otf, texgyrepagella-bold.otf, texgyrepagella-regular.otf
mkiv lua stats  > font engine: otf 3.104, afm 1.513, tfm 1.000, 13 instances, 10 shared in backend, 1 common vectors, 9 common hashes, load time 0.344 seconds 
mkiv lua stats  > used platform: win64, type: windows, binary subtree: texmf-win64
mkiv lua stats  > used engine: luatex version 1.09 with functionality level 6930, banner: this is luatex, version 1.09.0 (tex live 2018/w32tex)
mkiv lua stats  > control sequences: 45305 of 65536 + 100000
mkiv lua stats  > lua properties: engine: lua 5.3, used memory: 100 MB (ctx: 100 MB), hash type: lua, hash chars: min(32,40), symbol mask: utf (τεχ)
mkiv lua stats  > runtime: 0.953 seconds, 3 processed pages, 3 shipped pages, 3.148 pages/second

