open source     > level 1, order 1, name 'C:/context/tex/texmf-context/tex/context/base/mkiv/cont-yes.mkiv'
system          > 
system          > ConTeXt  ver: 2018.09.01 23:10 MKIV beta  fmt: 2018.9.7  int: english/english
system          > 
system          > 'cont-new.mkiv' loaded
open source     > level 2, order 2, name 'C:/context/tex/texmf-context/tex/context/base/mkiv/cont-new.mkiv'
system          > beware: some patches loaded from cont-new.mkiv
close source    > level 2, order 2, name 'C:/context/tex/texmf-context/tex/context/base/mkiv/cont-new.mkiv'
system          > files > jobname 'trabajo1', input './trabajo1', result 'trabajo1'
fonts           > latin modern fonts are not preloaded
languages       > language 'en' is active
system          > synctex functionality is enabled, expect 5-10 pct runtime overhead!
open source     > level 2, order 3, name 'C:/Users/duonagem/Documents/GitHub/documentos/trabajo1.tex'
open source     > level 3, order 4, name 'C:/context/tex/texmf-context/tex/context/base/mkiv/colo-imp-xwi.mkiv'
close source    > level 3, order 4, name 'C:/context/tex/texmf-context/tex/context/base/mkiv/colo-imp-xwi.mkiv'
colors          > system 'xwi' is loaded
fonts           > preloading latin modern fonts (second stage)
fonts           > 'fallback modern-designsize rm 12pt' is loaded
backend         > xmp > using file 'C:/context/tex/texmf-context/tex/context/base/mkiv/lpdf-pdx.xml'
pages           > flushing realpage 1, userpage 1, subpage 1
structure       > sectioning > chapter @ level 2 : 0.1 -> Introducción
pages           > flushing realpage 2, userpage 2, subpage 2
structure       > sectioning > chapter @ level 2 : 0.2 -> Materiales y métodos
structure       > sectioning > section @ level 3 : 0.2.1 -> Material particulado
structure       > sectioning > subsection @ level 4 : 0.2.1.1 -> PM10
structure       > sectioning > subsection @ level 4 : 0.2.1.2 -> PM 2.5
structure       > sectioning > section @ level 3 : 0.2.2 -> Microcuenca
structure       > sectioning > subsection @ level 4 : 0.2.2.1 -> Parte alta
structure       > sectioning > subsection @ level 4 : 0.2.2.2 -> Parte media y baja
pages           > flushing realpage 3, userpage 3, subpage 3
structure       > sectioning > chapter @ level 2 : 0.3 -> Resultados y discusión
structure       > sectioning > section @ level 3 : 0.3.1 -> NDVI
structure       > sectioning > section @ level 3 : 0.3.2 -> NDWI
pages           > flushing realpage 4, userpage 4, subpage 4
structure       > sectioning > chapter @ level 2 : 0.4 -> Bibliografía
pages           > flushing realpage 5, userpage 5, subpage 5
close source    > level 2, order 4, name 'C:/Users/duonagem/Documents/GitHub/documentos/trabajo1.tex'
close source    > level 1, order 4, name 'C:/context/tex/texmf-context/tex/context/base/mkiv/cont-yes.mkiv'

system          > start used files

system          > text: trabajo1

system          > stop used files


system          > start used files

system          >    1: filename=char-prv.lua filetype=tex format=tex foundname=C:/context/tex/texmf-context/tex/context/base/mkiv/char-prv.lua fullname=C:/context/tex/texmf-context/tex/context/base/mkiv/char-prv.lua usedmethod=database
system          >    2: filename=cont-yes.mkiv filetype=tex foundname=C:/context/tex/texmf-context/tex/context/base/mkiv/cont-yes.mkiv fullname=C:/context/tex/texmf-context/tex/context/base/mkiv/cont-yes.mkiv usedmethod=database
system          >    3: filename=publ-imp-default.lua filetype=lua foundname=C:/context/tex/texmf-context/tex/context/base/mkiv/publ-imp-default.lua fullname=C:/context/tex/texmf-context/tex/context/base/mkiv/publ-imp-default.lua usedmethod=database
system          >    4: filename=cont-new.mkiv filetype=tex foundname=C:/context/tex/texmf-context/tex/context/base/mkiv/cont-new.mkiv fullname=C:/context/tex/texmf-context/tex/context/base/mkiv/cont-new.mkiv usedmethod=database
system          >    5: filename=lang-exc.lua filetype=lua foundname=C:/context/tex/texmf-context/tex/context/base/mkiv/lang-exc.lua fullname=C:/context/tex/texmf-context/tex/context/base/mkiv/lang-exc.lua usedmethod=database
system          >    6: filename=lang-us.lua filetype=lua foundname=C:/context/tex/texmf-context/tex/context/patterns/mkiv/lang-us.lua fullname=C:/context/tex/texmf-context/tex/context/patterns/mkiv/lang-us.lua usedmethod=database
system          >    7: filename=C:\Users\duonagem\Documents\GitHub\documentos/trabajo1.tex foundname=C:/Users/duonagem/Documents/GitHub/documentos/trabajo1.tex fullname=C:/Users/duonagem/Documents/GitHub/documentos/trabajo1.tex usedmethod=direct
system          >    8: filename=colo-imp-xwi.mkiv filetype=tex foundname=C:/context/tex/texmf-context/tex/context/base/mkiv/colo-imp-xwi.mkiv fullname=C:/context/tex/texmf-context/tex/context/base/mkiv/colo-imp-xwi.mkiv usedmethod=database
system          >    9: filename=lm.lfg filetype=tex foundname=C:/context/tex/texmf-context/tex/context/fonts/mkiv/lm.lfg fullname=C:/context/tex/texmf-context/tex/context/fonts/mkiv/lm.lfg usedmethod=database
system          >   10: filename=lmroman12-regular filetype=otf format=otf foundname=C:/context/tex/texmf/fonts/opentype/public/lm/lmroman12-regular.otf fullname=C:/context/tex/texmf/fonts/opentype/public/lm/lmroman12-regular.otf usedmethod=database
system          >   11: filename=latinmodern-math.otf filetype=opentypefonts foundname=C:/context/tex/texmf/fonts/opentype/public/lm-math/latinmodern-math.otf fullname=C:/context/tex/texmf/fonts/opentype/public/lm-math/latinmodern-math.otf usedmethod=database
system          >   12: filename=lpdf-pdx.xml filetype=tex foundname=C:/context/tex/texmf-context/tex/context/base/mkiv/lpdf-pdx.xml fullname=C:/context/tex/texmf-context/tex/context/base/mkiv/lpdf-pdx.xml usedmethod=database
system          >   13: filename=lmroman10-regular filetype=otf format=otf foundname=C:/context/tex/texmf/fonts/opentype/public/lm/lmroman10-regular.otf fullname=C:/context/tex/texmf/fonts/opentype/public/lm/lmroman10-regular.otf usedmethod=database
system          >   14: filename=lmroman10-bold filetype=otf format=otf foundname=C:/context/tex/texmf/fonts/opentype/public/lm/lmroman10-bold.otf fullname=C:/context/tex/texmf/fonts/opentype/public/lm/lmroman10-bold.otf usedmethod=database

system          > stop used files


system          > start commandline options

system          > currentrun="1"
system          > fulljobname="./trabajo1.tex"
system          > input="./trabajo1.tex"
system          > kindofrun="1"
system          > maxnofruns="9"
system          > no-parse-first-line="true"
system          > synctex="true"

system          > stop commandline options


system          > start commandline files

system          >    1: ./trabajo1.tex

system          > stop commandline files


modules         > start used modules


modules         > stop used modules


mkiv lua stats  > used config file: selfautoparent:/texmf/web2c/texmfcnf.lua
mkiv lua stats  > used cache path: C:/context/tex/texmf-cache/luatex-cache/context/5fe67e0bfe781ce0dde776fb1556f32e
mkiv lua stats  > resource resolver: loadtime 0.010 seconds, 0 scans with scantime 0.000 seconds, 0 shared scans, 14 found files, scanned paths: <none>
mkiv lua stats  > stored bytecode data: 440 modules (0.283 sec), 93 tables (0.017 sec), 533 chunks (0.300 sec)
mkiv lua stats  > traced context: maxstack: 1328, freed: 0, unreachable: 1328
mkiv lua stats  > cleaned up reserved nodes: 62 nodes, 9 lists of 455
mkiv lua stats  > node memory usage: 2 glue, 2 kern, 2 penalty, 16 attribute, 50 glue_spec, 4 attribute_list, 2 temp, 2 user_defined
mkiv lua stats  > node list callback tasks: 8 unique task lists, 9 instances (re)created, 602 calls
mkiv lua stats  > synctex tracing: 2 referenced files, 5 files ignored, 149 objects flushed, logfile: trabajo1.synctex
mkiv lua stats  > used backend: pdf (backend for directly generating pdf output)
mkiv lua stats  > jobdata time: 0.009 seconds saving, 0.001 seconds loading
mkiv lua stats  > callbacks: internal: 1262, file: 319, direct: 2, late: 179, function 1250, total: 3012 (753 per page)
mkiv lua stats  > randomizer: resumed with value 0.93191528320313
mkiv lua stats  > positions: 18 collected, 18 regular, 0 special
mkiv lua stats  > loaded patterns: en::2, load time: 0.000
mkiv lua stats  > result saved in file: trabajo1.pdf, compresslevel 3, objectcompresslevel 3
mkiv lua stats  > loaded fonts: 4 files: latinmodern-math.otf, lmroman10-bold.otf, lmroman10-regular.otf, lmroman12-regular.otf
mkiv lua stats  > font engine: otf 3.104, afm 1.513, tfm 1.000, 10 instances, 4 shared in backend, 3 common vectors, 1 common hashes, load time 0.304 seconds 
mkiv lua stats  > used platform: mswin, type: windows, binary subtree: texmf-mswin
mkiv lua stats  > used engine: luatex version 1.08 with functionality level 6909, banner: this is luatex, version 1.08.0 (tex live 2018/w32tex)
mkiv lua stats  > control sequences: 45683 of 65536 + 100000
mkiv lua stats  > lua properties: engine: lua 5.3, used memory: 70 MB (ctx: 70 MB), hash type: lua, hash chars: min(32,40), symbol mask: utf (τεχ)
mkiv lua stats  > runtime: 0.822 seconds, 5 processed pages, 5 shipped pages, 6.083 pages/second

